Animation.obj : error LNK2019: unresolved external symbol "__declspec(dllimport) public: void __cdecl sf::Transformable::setScale(float,float)" (__imp_?setScale@Transformable@sf@@QEAAXMM@Z) referenced in function "public: __cdecl Animation::Animation(class std::vector<class sf::Rect<int>,class std::allocator<class sf::Rect<int> > > const &,class sf::Texture &,int)" (??0Animation@@QEAA@AEBV?$vector@V?$Rect@H@sf@@V?$allocator@V?$Rect@H@sf@@@std@@@std@@AEAVTexture@sf@@H@Z)
Animation.obj : error LNK2019: unresolved external symbol "__declspec(dllimport) public: __cdecl sf::Sprite::Sprite(class sf::Texture const &)" (__imp_??0Sprite@sf@@QEAA@AEBVTexture@1@@Z) referenced in function "public: __cdecl Animation::Animation(class std::vector<class sf::Rect<int>,class std::allocator<class sf::Rect<int> > > const &,class sf::Texture &,int)" (??0Animation@@QEAA@AEBV?$vector@V?$Rect@H@sf@@V?$allocator@V?$Rect@H@sf@@@std@@@std@@AEAVTexture@sf@@H@Z)
Animation.obj : error LNK2019: unresolved external symbol "__declspec(dllimport) public: void __cdecl sf::Sprite::setTextureRect(class sf::Rect<int> const &)" (__imp_?setTextureRect@Sprite@sf@@QEAAXAEBV?$Rect@H@2@@Z) referenced in function "public: __cdecl Animation::Animation(class std::vector<class sf::Rect<int>,class std::allocator<class sf::Rect<int> > > const &,class sf::Texture &,int)" (??0Animation@@QEAA@AEBV?$vector@V?$Rect@H@sf@@V?$allocator@V?$Rect@H@sf@@@std@@@std@@AEAVTexture@sf@@H@Z)
StartScene.obj : error LNK2001: unresolved external symbol "__declspec(dllimport) public: virtual __cdecl sf::Sprite::~Sprite(void)" (__imp_??1Sprite@sf@@UEAA@XZ)
Typing.obj : error LNK2001: unresolved external symbol "__declspec(dllimport) public: virtual __cdecl sf::Sprite::~Sprite(void)" (__imp_??1Sprite@sf@@UEAA@XZ)
Animation.obj : error LNK2001: unresolved external symbol "__declspec(dllimport) public: virtual __cdecl sf::Sprite::~Sprite(void)" (__imp_??1Sprite@sf@@UEAA@XZ)
BackGround.obj : error LNK2001: unresolved external symbol "__declspec(dllimport) public: virtual __cdecl sf::Sprite::~Sprite(void)" (__imp_??1Sprite@sf@@UEAA@XZ)
Dragon.obj : error LNK2001: unresolved external symbol "__declspec(dllimport) public: virtual __cdecl sf::Sprite::~Sprite(void)" (__imp_??1Sprite@sf@@UEAA@XZ)
EndScene.obj : error LNK2001: unresolved external symbol "__declspec(dllimport) public: virtual __cdecl sf::Sprite::~Sprite(void)" (__imp_??1Sprite@sf@@UEAA@XZ)
Animation.obj : error LNK2019: unresolved external symbol "__declspec(dllimport) public: __cdecl sf::Sprite::Sprite(class sf::Sprite const &)" (__imp_??0Sprite@sf@@QEAA@AEBV01@@Z) referenced in function "public: static void __cdecl std::_Default_allocator_traits<class std::allocator<class sf::Sprite> >::construct<class sf::Sprite,class sf::Sprite const &>(class std::allocator<class sf::Sprite> &,class sf::Sprite * const,class sf::Sprite const &)" (??$construct@VSprite@sf@@AEBV12@@?$_Default_allocator_traits@V?$allocator@VSprite@sf@@@std@@@std@@SAXAEAV?$allocator@VSprite@sf@@@1@QEAVSprite@sf@@AEBV34@@Z)
Animation.obj : error LNK2019: unresolved external symbol "__declspec(dllimport) public: __cdecl sf::Sprite::Sprite(class sf::Sprite &&)" (__imp_??0Sprite@sf@@QEAA@$$QEAV01@@Z) referenced in function "public: static void __cdecl std::_Default_allocator_traits<class std::allocator<class sf::Sprite> >::construct<class sf::Sprite,class sf::Sprite>(class std::allocator<class sf::Sprite> &,class sf::Sprite * const,class sf::Sprite &&)" (??$construct@VSprite@sf@@V12@@?$_Default_allocator_traits@V?$allocator@VSprite@sf@@@std@@@std@@SAXAEAV?$allocator@VSprite@sf@@@1@QEAVSprite@sf@@$$QEAV34@@Z)
Animation.obj : error LNK2001: unresolved external symbol "private: virtual void __cdecl sf::Sprite::draw(class sf::RenderTarget &,class sf::RenderStates)const " (?draw@Sprite@sf@@EEBAXAEAVRenderTarget@2@VRenderStates@2@@Z)
StartScene.obj : error LNK2001: unresolved external symbol "__declspec(dllimport) public: void __cdecl sf::Transformable::setPosition(float,float)" (__imp_?setPosition@Transformable@sf@@QEAAXMM@Z)
Typing.obj : error LNK2001: unresolved external symbol "__declspec(dllimport) public: void __cdecl sf::Transformable::setPosition(float,float)" (__imp_?setPosition@Transformable@sf@@QEAAXMM@Z)
BackGround.obj : error LNK2001: unresolved external symbol "__declspec(dllimport) public: void __cdecl sf::Transformable::setPosition(float,float)" (__imp_?setPosition@Transformable@sf@@QEAAXMM@Z)
Dragon.obj : error LNK2001: unresolved external symbol "__declspec(dllimport) public: void __cdecl sf::Transformable::setPosition(float,float)" (__imp_?setPosition@Transformable@sf@@QEAAXMM@Z)
EndScene.obj : error LNK2001: unresolved external symbol "__declspec(dllimport) public: void __cdecl sf::Transformable::setPosition(float,float)" (__imp_?setPosition@Transformable@sf@@QEAAXMM@Z)
RichText.obj : error LNK2001: unresolved external symbol "__declspec(dllimport) public: void __cdecl sf::Transformable::setPosition(float,float)" (__imp_?setPosition@Transformable@sf@@QEAAXMM@Z)
BackGround.obj : error LNK2019: unresolved external symbol "__declspec(dllimport) public: class sf::Vector2<float> const & __cdecl sf::Transformable::getPosition(void)const " (__imp_?getPosition@Transformable@sf@@QEBAAEBV?$Vector2@M@2@XZ) referenced in function "public: virtual void __cdecl BackGround::render(class sf::RenderWindow *)" (?render@BackGround@@UEAAXPEAVRenderWindow@sf@@@Z)
BackGround.obj : error LNK2019: unresolved external symbol "__declspec(dllimport) public: __cdecl sf::Texture::Texture(void)" (__imp_??0Texture@sf@@QEAA@XZ) referenced in function "public: __cdecl BackGround::BackGround(void)" (??0BackGround@@QEAA@XZ)
Dragon.obj : error LNK2001: unresolved external symbol "__declspec(dllimport) public: __cdecl sf::Texture::Texture(void)" (__imp_??0Texture@sf@@QEAA@XZ)
Typing.obj : error LNK2001: unresolved external symbol "__declspec(dllimport) public: __cdecl sf::Texture::Texture(void)" (__imp_??0Texture@sf@@QEAA@XZ)
Typing.obj : error LNK2001: unresolved external symbol "__declspec(dllimport) public: __cdecl sf::Texture::~Texture(void)" (__imp_??1Texture@sf@@QEAA@XZ)
BackGround.obj : error LNK2001: unresolved external symbol "__declspec(dllimport) public: __cdecl sf::Texture::~Texture(void)" (__imp_??1Texture@sf@@QEAA@XZ)
Dragon.obj : error LNK2001: unresolved external symbol "__declspec(dllimport) public: __cdecl sf::Texture::~Texture(void)" (__imp_??1Texture@sf@@QEAA@XZ)
EndScene.obj : error LNK2001: unresolved external symbol "__declspec(dllimport) public: __cdecl sf::Texture::~Texture(void)" (__imp_??1Texture@sf@@QEAA@XZ)
StartScene.obj : error LNK2001: unresolved external symbol "__declspec(dllimport) public: __cdecl sf::Texture::~Texture(void)" (__imp_??1Texture@sf@@QEAA@XZ)
BackGround.obj : error LNK2019: unresolved external symbol "__declspec(dllimport) public: bool __cdecl sf::Texture::loadFromFile(class std::basic_string<char,struct std::char_traits<char>,class std::allocator<char> > const &,class sf::Rect<int> const &)" (__imp_?loadFromFile@Texture@sf@@QEAA_NAEBV?$basic_string@DU?$char_traits@D@std@@V?$allocator@D@2@@std@@AEBV?$Rect@H@2@@Z) referenced in function "public: __cdecl BackGround::BackGround(void)" (??0BackGround@@QEAA@XZ)
RichText.obj : error LNK2001: unresolved external symbol "__declspec(dllimport) public: void __cdecl sf::RenderTarget::draw(class sf::Drawable const &,class sf::RenderStates const &)" (__imp_?draw@RenderTarget@sf@@QEAAXAEBVDrawable@2@AEBVRenderStates@2@@Z)
StartScene.obj : error LNK2001: unresolved external symbol "__declspec(dllimport) public: void __cdecl sf::RenderTarget::draw(class sf::Drawable const &,class sf::RenderStates const &)" (__imp_?draw@RenderTarget@sf@@QEAAXAEBVDrawable@2@AEBVRenderStates@2@@Z)
Typing.obj : error LNK2001: unresolved external symbol "__declspec(dllimport) public: void __cdecl sf::RenderTarget::draw(class sf::Drawable const &,class sf::RenderStates const &)" (__imp_?draw@RenderTarget@sf@@QEAAXAEBVDrawable@2@AEBVRenderStates@2@@Z)
BackGround.obj : error LNK2001: unresolved external symbol "__declspec(dllimport) public: void __cdecl sf::RenderTarget::draw(class sf::Drawable const &,class sf::RenderStates const &)" (__imp_?draw@RenderTarget@sf@@QEAAXAEBVDrawable@2@AEBVRenderStates@2@@Z)
Dragon.obj : error LNK2001: unresolved external symbol "__declspec(dllimport) public: void __cdecl sf::RenderTarget::draw(class sf::Drawable const &,class sf::RenderStates const &)" (__imp_?draw@RenderTarget@sf@@QEAAXAEBVDrawable@2@AEBVRenderStates@2@@Z)
EndScene.obj : error LNK2001: unresolved external symbol "__declspec(dllimport) public: void __cdecl sf::RenderTarget::draw(class sf::Drawable const &,class sf::RenderStates const &)" (__imp_?draw@RenderTarget@sf@@QEAAXAEBVDrawable@2@AEBVRenderStates@2@@Z)
GameScore.obj : error LNK2001: unresolved external symbol "__declspec(dllimport) public: void __cdecl sf::RenderTarget::draw(class sf::Drawable const &,class sf::RenderStates const &)" (__imp_?draw@RenderTarget@sf@@QEAAXAEBVDrawable@2@AEBVRenderStates@2@@Z)
BackGround.obj : error LNK2019: unresolved external symbol "__declspec(dllimport) public: __cdecl sf::Sprite::Sprite(void)" (__imp_??0Sprite@sf@@QEAA@XZ) referenced in function "public: __cdecl BackGround::BackGround(void)" (??0BackGround@@QEAA@XZ)
Typing.obj : error LNK2001: unresolved external symbol "__declspec(dllimport) public: __cdecl sf::Sprite::Sprite(void)" (__imp_??0Sprite@sf@@QEAA@XZ)
BackGround.obj : error LNK2019: unresolved external symbol "__declspec(dllimport) public: void __cdecl sf::Sprite::setTexture(class sf::Texture const &,bool)" (__imp_?setTexture@Sprite@sf@@QEAAXAEBVTexture@2@_N@Z) referenced in function "public: __cdecl BackGround::BackGround(void)" (??0BackGround@@QEAA@XZ)
BackGround.obj : error LNK2019: unresolved external symbol "__declspec(dllimport) public: class sf::Rect<float> __cdecl sf::Sprite::getLocalBounds(void)const " (__imp_?getLocalBounds@Sprite@sf@@QEBA?AV?$Rect@M@2@XZ) referenced in function "public: __cdecl BackGround::BackGround(void)" (??0BackGround@@QEAA@XZ)
StartScene.obj : error LNK2001: unresolved external symbol "__declspec(dllimport) public: static class sf::RenderStates const sf::RenderStates::Default" (__imp_?Default@RenderStates@sf@@2V12@B)
Typing.obj : error LNK2001: unresolved external symbol "__declspec(dllimport) public: static class sf::RenderStates const sf::RenderStates::Default" (__imp_?Default@RenderStates@sf@@2V12@B)
BackGround.obj : error LNK2001: unresolved external symbol "__declspec(dllimport) public: static class sf::RenderStates const sf::RenderStates::Default" (__imp_?Default@RenderStates@sf@@2V12@B)
Dragon.obj : error LNK2001: unresolved external symbol "__declspec(dllimport) public: static class sf::RenderStates const sf::RenderStates::Default" (__imp_?Default@RenderStates@sf@@2V12@B)
EndScene.obj : error LNK2001: unresolved external symbol "__declspec(dllimport) public: static class sf::RenderStates const sf::RenderStates::Default" (__imp_?Default@RenderStates@sf@@2V12@B)
GameScore.obj : error LNK2001: unresolved external symbol "__declspec(dllimport) public: static class sf::RenderStates const sf::RenderStates::Default" (__imp_?Default@RenderStates@sf@@2V12@B)
Dragon.obj : error LNK2019: unresolved external symbol "__declspec(dllimport) public: __cdecl sf::Image::Image(void)" (__imp_??0Image@sf@@QEAA@XZ) referenced in function "public: __cdecl Dragon::Dragon(void)" (??0Dragon@@QEAA@XZ)
Dragon.obj : error LNK2019: unresolved external symbol "__declspec(dllimport) public: __cdecl sf::Image::~Image(void)" (__imp_??1Image@sf@@QEAA@XZ) referenced in function "public: __cdecl Dragon::Dragon(void)" (??0Dragon@@QEAA@XZ)
Dragon.obj : error LNK2019: unresolved external symbol "__declspec(dllimport) public: bool __cdecl sf::Image::loadFromFile(class std::basic_string<char,struct std::char_traits<char>,class std::allocator<char> > const &)" (__imp_?loadFromFile@Image@sf@@QEAA_NAEBV?$basic_string@DU?$char_traits@D@std@@V?$allocator@D@2@@std@@@Z) referenced in function "public: __cdecl Dragon::Dragon(void)" (??0Dragon@@QEAA@XZ)
Dragon.obj : error LNK2019: unresolved external symbol "__declspec(dllimport) public: void __cdecl sf::Image::createMaskFromColor(class sf::Color const &,unsigned char)" (__imp_?createMaskFromColor@Image@sf@@QEAAXAEBVColor@2@E@Z) referenced in function "public: __cdecl Dragon::Dragon(void)" (??0Dragon@@QEAA@XZ)
Dragon.obj : error LNK2019: unresolved external symbol "__declspec(dllimport) public: bool __cdecl sf::Texture::loadFromImage(class sf::Image const &,class sf::Rect<int> const &)" (__imp_?loadFromImage@Texture@sf@@QEAA_NAEBVImage@2@AEBV?$Rect@H@2@@Z) referenced in function "public: __cdecl Dragon::Dragon(void)" (??0Dragon@@QEAA@XZ)
Dragon.obj : error LNK2019: unresolved external symbol "__declspec(dllimport) public: static class sf::Color const sf::Color::White" (__imp_?White@Color@sf@@2V12@B) referenced in function "public: __cdecl Dragon::Dragon(void)" (??0Dragon@@QEAA@XZ)
RichText.obj : error LNK2001: unresolved external symbol "__declspec(dllimport) public: static class sf::Color const sf::Color::White" (__imp_?White@Color@sf@@2V12@B)
Typing.obj : error LNK2001: unresolved external symbol "__declspec(dllimport) public: static class sf::Color const sf::Color::White" (__imp_?White@Color@sf@@2V12@B)
Typing.obj : error LNK2019: unresolved external symbol "__declspec(dllimport) public: __cdecl sf::String::String(class std::basic_string<char,struct std::char_traits<char>,class std::allocator<char> > const &,class std::locale const &)" (__imp_??0String@sf@@QEAA@AEBV?$basic_string@DU?$char_traits@D@std@@V?$allocator@D@2@@std@@AEBVlocale@3@@Z) referenced in function "int `public: __cdecl Typing::Typing(class std::basic_string<char,struct std::char_traits<char>,class std::allocator<char> >,class std::basic_string<char,struct std::char_traits<char>,class std::allocator<char> >,int)'::`1'::dtor$2" (?dtor$2@?0???0Typing@@QEAA@V?$basic_string@DU?$char_traits@D@std@@V?$allocator@D@2@@std@@0H@Z@4HA)
EndScene.obj : error LNK2001: unresolved external symbol "__declspec(dllimport) public: __cdecl sf::String::String(class std::basic_string<char,struct std::char_traits<char>,class std::allocator<char> > const &,class std::locale const &)" (__imp_??0String@sf@@QEAA@AEBV?$basic_string@DU?$char_traits@D@std@@V?$allocator@D@2@@std@@AEBVlocale@3@@Z)
Game.obj : error LNK2001: unresolved external symbol "__declspec(dllimport) public: __cdecl sf::String::String(class std::basic_string<char,struct std::char_traits<char>,class std::allocator<char> > const &,class std::locale const &)" (__imp_??0String@sf@@QEAA@AEBV?$basic_string@DU?$char_traits@D@std@@V?$allocator@D@2@@std@@AEBVlocale@3@@Z)
GameScore.obj : error LNK2001: unresolved external symbol "__declspec(dllimport) public: __cdecl sf::String::String(class std::basic_string<char,struct std::char_traits<char>,class std::allocator<char> > const &,class std::locale const &)" (__imp_??0String@sf@@QEAA@AEBV?$basic_string@DU?$char_traits@D@std@@V?$allocator@D@2@@std@@AEBVlocale@3@@Z)
StartScene.obj : error LNK2001: unresolved external symbol "__declspec(dllimport) public: __cdecl sf::String::String(class std::basic_string<char,struct std::char_traits<char>,class std::allocator<char> > const &,class std::locale const &)" (__imp_??0String@sf@@QEAA@AEBV?$basic_string@DU?$char_traits@D@std@@V?$allocator@D@2@@std@@AEBVlocale@3@@Z)
StartScene.obj : error LNK2001: unresolved external symbol "__declspec(dllimport) public: __cdecl sf::String::~String(void)" (__imp_??1String@sf@@QEAA@XZ)
Typing.obj : error LNK2001: unresolved external symbol "__declspec(dllimport) public: __cdecl sf::String::~String(void)" (__imp_??1String@sf@@QEAA@XZ)
EndScene.obj : error LNK2001: unresolved external symbol "__declspec(dllimport) public: __cdecl sf::String::~String(void)" (__imp_??1String@sf@@QEAA@XZ)
Game.obj : error LNK2001: unresolved external symbol "__declspec(dllimport) public: __cdecl sf::String::~String(void)" (__imp_??1String@sf@@QEAA@XZ)
GameScore.obj : error LNK2001: unresolved external symbol "__declspec(dllimport) public: __cdecl sf::String::~String(void)" (__imp_??1String@sf@@QEAA@XZ)
RichText.obj : error LNK2001: unresolved external symbol "__declspec(dllimport) public: __cdecl sf::String::~String(void)" (__imp_??1String@sf@@QEAA@XZ)
EndScene.obj : error LNK2019: unresolved external symbol "__declspec(dllimport) public: static bool __cdecl sf::Keyboard::isKeyPressed(enum sf::Keyboard::Key)" (__imp_?isKeyPressed@Keyboard@sf@@SA_NW4Key@12@@Z) referenced in function "public: virtual void __cdecl EndScene::onEvent(class sf::Event &)" (?onEvent@EndScene@@UEAAXAEAVEvent@sf@@@Z)
StartScene.obj : error LNK2001: unresolved external symbol "__declspec(dllimport) public: static bool __cdecl sf::Keyboard::isKeyPressed(enum sf::Keyboard::Key)" (__imp_?isKeyPressed@Keyboard@sf@@SA_NW4Key@12@@Z)
Typing.obj : error LNK2001: unresolved external symbol "__declspec(dllimport) public: static bool __cdecl sf::Keyboard::isKeyPressed(enum sf::Keyboard::Key)" (__imp_?isKeyPressed@Keyboard@sf@@SA_NW4Key@12@@Z)
EndScene.obj : error LNK2019: unresolved external symbol "__declspec(dllimport) public: __cdecl sf::Font::Font(void)" (__imp_??0Font@sf@@QEAA@XZ) referenced in function "public: __cdecl EndScene::EndScene(class GameScore *)" (??0EndScene@@QEAA@PEAVGameScore@@@Z)
GameScore.obj : error LNK2001: unresolved external symbol "__declspec(dllimport) public: __cdecl sf::Font::Font(void)" (__imp_??0Font@sf@@QEAA@XZ)
StartScene.obj : error LNK2001: unresolved external symbol "__declspec(dllimport) public: __cdecl sf::Font::Font(void)" (__imp_??0Font@sf@@QEAA@XZ)
Typing.obj : error LNK2001: unresolved external symbol "__declspec(dllimport) public: __cdecl sf::Font::Font(void)" (__imp_??0Font@sf@@QEAA@XZ)
EndScene.obj : error LNK2019: unresolved external symbol "__declspec(dllimport) public: __cdecl sf::Font::~Font(void)" (__imp_??1Font@sf@@QEAA@XZ) referenced in function "int `public: __cdecl EndScene::EndScene(class GameScore *)'::`1'::dtor$6" (?dtor$6@?0???0EndScene@@QEAA@PEAVGameScore@@@Z@4HA)
GameScore.obj : error LNK2001: unresolved external symbol "__declspec(dllimport) public: __cdecl sf::Font::~Font(void)" (__imp_??1Font@sf@@QEAA@XZ)
StartScene.obj : error LNK2001: unresolved external symbol "__declspec(dllimport) public: __cdecl sf::Font::~Font(void)" (__imp_??1Font@sf@@QEAA@XZ)
Typing.obj : error LNK2001: unresolved external symbol "__declspec(dllimport) public: __cdecl sf::Font::~Font(void)" (__imp_??1Font@sf@@QEAA@XZ)
EndScene.obj : error LNK2019: unresolved external symbol "__declspec(dllimport) public: bool __cdecl sf::Font::loadFromFile(class std::basic_string<char,struct std::char_traits<char>,class std::allocator<char> > const &)" (__imp_?loadFromFile@Font@sf@@QEAA_NAEBV?$basic_string@DU?$char_traits@D@std@@V?$allocator@D@2@@std@@@Z) referenced in function "public: __cdecl EndScene::EndScene(class GameScore *)" (??0EndScene@@QEAA@PEAVGameScore@@@Z)
GameScore.obj : error LNK2001: unresolved external symbol "__declspec(dllimport) public: bool __cdecl sf::Font::loadFromFile(class std::basic_string<char,struct std::char_traits<char>,class std::allocator<char> > const &)" (__imp_?loadFromFile@Font@sf@@QEAA_NAEBV?$basic_string@DU?$char_traits@D@std@@V?$allocator@D@2@@std@@@Z)
StartScene.obj : error LNK2001: unresolved external symbol "__declspec(dllimport) public: bool __cdecl sf::Font::loadFromFile(class std::basic_string<char,struct std::char_traits<char>,class std::allocator<char> > const &)" (__imp_?loadFromFile@Font@sf@@QEAA_NAEBV?$basic_string@DU?$char_traits@D@std@@V?$allocator@D@2@@std@@@Z)
Typing.obj : error LNK2001: unresolved external symbol "__declspec(dllimport) public: bool __cdecl sf::Font::loadFromFile(class std::basic_string<char,struct std::char_traits<char>,class std::allocator<char> > const &)" (__imp_?loadFromFile@Font@sf@@QEAA_NAEBV?$basic_string@DU?$char_traits@D@std@@V?$allocator@D@2@@std@@@Z)
EndScene.obj : error LNK2019: unresolved external symbol "__declspec(dllimport) public: __cdecl sf::Text::Text(void)" (__imp_??0Text@sf@@QEAA@XZ) referenced in function "public: __cdecl EndScene::EndScene(class GameScore *)" (??0EndScene@@QEAA@PEAVGameScore@@@Z)
GameScore.obj : error LNK2001: unresolved external symbol "__declspec(dllimport) public: __cdecl sf::Text::Text(void)" (__imp_??0Text@sf@@QEAA@XZ)
RichText.obj : error LNK2001: unresolved external symbol "__declspec(dllimport) public: __cdecl sf::Text::Text(void)" (__imp_??0Text@sf@@QEAA@XZ)
StartScene.obj : error LNK2001: unresolved external symbol "__declspec(dllimport) public: __cdecl sf::Text::Text(void)" (__imp_??0Text@sf@@QEAA@XZ)
EndScene.obj : error LNK2019: unresolved external symbol "__declspec(dllimport) public: void __cdecl sf::Text::setString(class sf::String const &)" (__imp_?setString@Text@sf@@QEAAXAEBVString@2@@Z) referenced in function "public: __cdecl EndScene::EndScene(class GameScore *)" (??0EndScene@@QEAA@PEAVGameScore@@@Z)
GameScore.obj : error LNK2001: unresolved external symbol "__declspec(dllimport) public: void __cdecl sf::Text::setString(class sf::String const &)" (__imp_?setString@Text@sf@@QEAAXAEBVString@2@@Z)
RichText.obj : error LNK2001: unresolved external symbol "__declspec(dllimport) public: void __cdecl sf::Text::setString(class sf::String const &)" (__imp_?setString@Text@sf@@QEAAXAEBVString@2@@Z)
StartScene.obj : error LNK2001: unresolved external symbol "__declspec(dllimport) public: void __cdecl sf::Text::setString(class sf::String const &)" (__imp_?setString@Text@sf@@QEAAXAEBVString@2@@Z)
EndScene.obj : error LNK2019: unresolved external symbol "__declspec(dllimport) public: void __cdecl sf::Text::setFont(class sf::Font const &)" (__imp_?setFont@Text@sf@@QEAAXAEBVFont@2@@Z) referenced in function "public: __cdecl EndScene::EndScene(class GameScore *)" (??0EndScene@@QEAA@PEAVGameScore@@@Z)
GameScore.obj : error LNK2001: unresolved external symbol "__declspec(dllimport) public: void __cdecl sf::Text::setFont(class sf::Font const &)" (__imp_?setFont@Text@sf@@QEAAXAEBVFont@2@@Z)
RichText.obj : error LNK2001: unresolved external symbol "__declspec(dllimport) public: void __cdecl sf::Text::setFont(class sf::Font const &)" (__imp_?setFont@Text@sf@@QEAAXAEBVFont@2@@Z)
StartScene.obj : error LNK2001: unresolved external symbol "__declspec(dllimport) public: void __cdecl sf::Text::setFont(class sf::Font const &)" (__imp_?setFont@Text@sf@@QEAAXAEBVFont@2@@Z)
EndScene.obj : error LNK2019: unresolved external symbol "__declspec(dllimport) public: void __cdecl sf::Text::setCharacterSize(unsigned int)" (__imp_?setCharacterSize@Text@sf@@QEAAXI@Z) referenced in function "public: __cdecl EndScene::EndScene(class GameScore *)" (??0EndScene@@QEAA@PEAVGameScore@@@Z)
GameScore.obj : error LNK2001: unresolved external symbol "__declspec(dllimport) public: void __cdecl sf::Text::setCharacterSize(unsigned int)" (__imp_?setCharacterSize@Text@sf@@QEAAXI@Z)
RichText.obj : error LNK2001: unresolved external symbol "__declspec(dllimport) public: void __cdecl sf::Text::setCharacterSize(unsigned int)" (__imp_?setCharacterSize@Text@sf@@QEAAXI@Z)
StartScene.obj : error LNK2001: unresolved external symbol "__declspec(dllimport) public: void __cdecl sf::Text::setCharacterSize(unsigned int)" (__imp_?setCharacterSize@Text@sf@@QEAAXI@Z)
EndScene.obj : error LNK2019: unresolved external symbol "__declspec(dllimport) public: virtual __cdecl sf::Text::~Text(void)" (__imp_??1Text@sf@@UEAA@XZ) referenced in function "int `public: __cdecl EndScene::EndScene(class GameScore *)'::`1'::dtor$1" (?dtor$1@?0???0EndScene@@QEAA@PEAVGameScore@@@Z@4HA)
GameScore.obj : error LNK2001: unresolved external symbol "__declspec(dllimport) public: virtual __cdecl sf::Text::~Text(void)" (__imp_??1Text@sf@@UEAA@XZ)
RichText.obj : error LNK2001: unresolved external symbol "__declspec(dllimport) public: virtual __cdecl sf::Text::~Text(void)" (__imp_??1Text@sf@@UEAA@XZ)
StartScene.obj : error LNK2001: unresolved external symbol "__declspec(dllimport) public: virtual __cdecl sf::Text::~Text(void)" (__imp_??1Text@sf@@UEAA@XZ)
Game.obj : error LNK2019: unresolved external symbol "__declspec(dllimport) public: __cdecl sf::Clock::Clock(void)" (__imp_??0Clock@sf@@QEAA@XZ) referenced in function "public: __cdecl Game::Game(void)" (??0Game@@QEAA@XZ)
Game.obj : error LNK2019: unresolved external symbol "__declspec(dllimport) public: __cdecl sf::VideoMode::VideoMode(unsigned int,unsigned int,unsigned int)" (__imp_??0VideoMode@sf@@QEAA@III@Z) referenced in function "public: void __cdecl Game::setup(int,int,class std::basic_string<char,struct std::char_traits<char>,class std::allocator<char> >)" (?setup@Game@@QEAAXHHV?$basic_string@DU?$char_traits@D@std@@V?$allocator@D@2@@std@@@Z)
Game.obj : error LNK2019: unresolved external symbol "__declspec(dllimport) public: void __cdecl sf::Window::create(class sf::VideoMode,class sf::String const &,unsigned int,struct sf::ContextSettings const &)" (__imp_?create@Window@sf@@QEAAXVVideoMode@2@AEBVString@2@IAEBUContextSettings@2@@Z) referenced in function "public: void __cdecl Game::setup(int,int,class std::basic_string<char,struct std::char_traits<char>,class std::allocator<char> >)" (?setup@Game@@QEAAXHHV?$basic_string@DU?$char_traits@D@std@@V?$allocator@D@2@@std@@@Z)
Game.obj : error LNK2019: unresolved external symbol "__declspec(dllimport) public: void __cdecl sf::Window::close(void)" (__imp_?close@Window@sf@@QEAAXXZ) referenced in function "public: void __cdecl Game::start(void)" (?start@Game@@QEAAXXZ)
Game.obj : error LNK2019: unresolved external symbol "__declspec(dllimport) public: bool __cdecl sf::Window::isOpen(void)const " (__imp_?isOpen@Window@sf@@QEBA_NXZ) referenced in function "public: void __cdecl Game::start(void)" (?start@Game@@QEAAXXZ)
Game.obj : error LNK2019: unresolved external symbol "__declspec(dllimport) public: bool __cdecl sf::Window::pollEvent(class sf::Event &)" (__imp_?pollEvent@Window@sf@@QEAA_NAEAVEvent@2@@Z) referenced in function "public: void __cdecl Game::start(void)" (?start@Game@@QEAAXXZ)
Game.obj : error LNK2019: unresolved external symbol "__declspec(dllimport) public: void __cdecl sf::Window::setFramerateLimit(unsigned int)" (__imp_?setFramerateLimit@Window@sf@@QEAAXI@Z) referenced in function "public: void __cdecl Game::setFrameRateLimit(unsigned int)" (?setFrameRateLimit@Game@@QEAAXI@Z)
Game.obj : error LNK2019: unresolved external symbol "__declspec(dllimport) public: void __cdecl sf::Window::display(void)" (__imp_?display@Window@sf@@QEAAXXZ) referenced in function "public: void __cdecl Game::start(void)" (?start@Game@@QEAAXXZ)
Game.obj : error LNK2019: unresolved external symbol "__declspec(dllimport) public: __cdecl sf::Color::Color(unsigned char,unsigned char,unsigned char,unsigned char)" (__imp_??0Color@sf@@QEAA@EEEE@Z) referenced in function "public: void __cdecl Game::start(void)" (?start@Game@@QEAAXXZ)
Game.obj : error LNK2019: unresolved external symbol "__declspec(dllimport) public: void __cdecl sf::RenderTarget::clear(class sf::Color const &)" (__imp_?clear@RenderTarget@sf@@QEAAXAEBVColor@2@@Z) referenced in function "public: void __cdecl Game::start(void)" (?start@Game@@QEAAXXZ)
Game.obj : error LNK2019: unresolved external symbol "__declspec(dllimport) public: __cdecl sf::RenderWindow::RenderWindow(void)" (__imp_??0RenderWindow@sf@@QEAA@XZ) referenced in function "public: __cdecl Game::Game(void)" (??0Game@@QEAA@XZ)
Game.obj : error LNK2019: unresolved external symbol "__declspec(dllimport) public: virtual __cdecl sf::RenderWindow::~RenderWindow(void)" (__imp_??1RenderWindow@sf@@UEAA@XZ) referenced in function "public: virtual void * __cdecl sf::RenderWindow::`scalar deleting destructor'(unsigned int)" (??_GRenderWindow@sf@@UEAAPEAXI@Z)
Game.obj : error LNK2019: unresolved external symbol "__declspec(dllimport) public: __cdecl sf::SoundBuffer::~SoundBuffer(void)" (__imp_??1SoundBuffer@sf@@QEAA@XZ) referenced in function "public: __cdecl std::pair<class std::basic_string<char,struct std::char_traits<char>,class std::allocator<char> > const ,class sf::SoundBuffer>::~pair<class std::basic_string<char,struct std::char_traits<char>,class std::allocator<char> > const ,class sf::SoundBuffer>(void)" (??1?$pair@$$CBV?$basic_string@DU?$char_traits@D@std@@V?$allocator@D@2@@std@@VSoundBuffer@sf@@@std@@QEAA@XZ)
SoundController.obj : error LNK2001: unresolved external symbol "__declspec(dllimport) public: __cdecl sf::SoundBuffer::~SoundBuffer(void)" (__imp_??1SoundBuffer@sf@@QEAA@XZ)
Game.obj : error LNK2001: unresolved external symbol "public: virtual class sf::Vector2<unsigned int> __cdecl sf::RenderWindow::getSize(void)const " (?getSize@RenderWindow@sf@@UEBA?AV?$Vector2@I@2@XZ)
Game.obj : error LNK2001: unresolved external symbol "protected: virtual void __cdecl sf::RenderWindow::onCreate(void)" (?onCreate@RenderWindow@sf@@MEAAXXZ)
Game.obj : error LNK2001: unresolved external symbol "protected: virtual void __cdecl sf::RenderWindow::onResize(void)" (?onResize@RenderWindow@sf@@MEAAXXZ)
Game.obj : error LNK2001: unresolved external symbol "public: virtual bool __cdecl sf::RenderWindow::setActive(bool)" (?setActive@RenderWindow@sf@@UEAA_N_N@Z)
RichText.obj : error LNK2019: unresolved external symbol "__declspec(dllimport) public: class sf::Rect<float> __cdecl sf::Transform::transformRect(class sf::Rect<float> const &)const " (__imp_?transformRect@Transform@sf@@QEBA?AV?$Rect@M@2@AEBV32@@Z) referenced in function "public: class sf::Rect<float> __cdecl sfe::RichText::Line::getGlobalBounds(void)const " (?getGlobalBounds@Line@RichText@sfe@@QEBA?AV?$Rect@M@sf@@XZ)
RichText.obj : error LNK2019: unresolved external symbol "__declspec(dllimport) class sf::Transform & __cdecl sf::operator*=(class sf::Transform &,class sf::Transform const &)" (__imp_??Xsf@@YAAEAVTransform@0@AEAV10@AEBV10@@Z) referenced in function "protected: virtual void __cdecl sfe::RichText::Line::draw(class sf::RenderTarget &,class sf::RenderStates)const " (?draw@Line@RichText@sfe@@MEBAXAEAVRenderTarget@sf@@VRenderStates@5@@Z)
RichText.obj : error LNK2019: unresolved external symbol "__declspec(dllimport) public: __cdecl sf::Transformable::Transformable(void)" (__imp_??0Transformable@sf@@QEAA@XZ) referenced in function "public: __cdecl sfe::RichText::Line::Line(void)" (??0Line@RichText@sfe@@QEAA@XZ)
RichText.obj : error LNK2019: unresolved external symbol "__declspec(dllimport) public: virtual __cdecl sf::Transformable::~Transformable(void)" (__imp_??1Transformable@sf@@UEAA@XZ) referenced in function "int `public: __cdecl sfe::RichText::Line::Line(void)'::`1'::dtor$0" (?dtor$0@?0???0Line@RichText@sfe@@QEAA@XZ@4HA)
Typing.obj : error LNK2001: unresolved external symbol "__declspec(dllimport) public: virtual __cdecl sf::Transformable::~Transformable(void)" (__imp_??1Transformable@sf@@UEAA@XZ)
RichText.obj : error LNK2019: unresolved external symbol "__declspec(dllimport) public: class sf::Transform const & __cdecl sf::Transformable::getTransform(void)const " (__imp_?getTransform@Transformable@sf@@QEBAAEBVTransform@2@XZ) referenced in function "protected: virtual void __cdecl sfe::RichText::Line::draw(class sf::RenderTarget &,class sf::RenderStates)const " (?draw@Line@RichText@sfe@@MEBAXAEAVRenderTarget@sf@@VRenderStates@5@@Z)
RichText.obj : error LNK2019: unresolved external symbol "__declspec(dllimport) public: __cdecl sf::Transformable::Transformable(class sf::Transformable const &)" (__imp_??0Transformable@sf@@QEAA@AEBV01@@Z) referenced in function "public: __cdecl sfe::RichText::Line::Line(class sfe::RichText::Line &&)" (??0Line@RichText@sfe@@QEAA@$$QEAV012@@Z)
RichText.obj : error LNK2019: unresolved external symbol "__declspec(dllimport) public: virtual __cdecl sf::Drawable::~Drawable(void)" (__imp_??1Drawable@sf@@UEAA@XZ) referenced in function "int `public: __cdecl sfe::RichText::Line::Line(void)'::`1'::dtor$1" (?dtor$1@?0???0Line@RichText@sfe@@QEAA@XZ@4HA)
Typing.obj : error LNK2001: unresolved external symbol "__declspec(dllimport) public: virtual __cdecl sf::Drawable::~Drawable(void)" (__imp_??1Drawable@sf@@UEAA@XZ)
RichText.obj : error LNK2019: unresolved external symbol "__declspec(dllimport) public: __cdecl sf::Drawable::Drawable(void)" (__imp_??0Drawable@sf@@QEAA@XZ) referenced in function "public: __cdecl sfe::RichText::Line::Line(void)" (??0Line@RichText@sfe@@QEAA@XZ)
RichText.obj : error LNK2019: unresolved external symbol "__declspec(dllimport) public: __cdecl sf::Drawable::Drawable(class sf::Drawable const &)" (__imp_??0Drawable@sf@@QEAA@AEBV01@@Z) referenced in function "public: __cdecl sfe::RichText::Line::Line(class sfe::RichText::Line &&)" (??0Line@RichText@sfe@@QEAA@$$QEAV012@@Z)
RichText.obj : error LNK2019: unresolved external symbol "__declspec(dllimport) public: __cdecl sf::String::String(void)" (__imp_??0String@sf@@QEAA@XZ) referenced in function "class std::vector<class sf::String,class std::allocator<class sf::String> > __cdecl sfe::explode(class sf::String const &,unsigned int)" (?explode@sfe@@YA?AV?$vector@VString@sf@@V?$allocator@VString@sf@@@std@@@std@@AEBVString@sf@@I@Z)
RichText.obj : error LNK2019: unresolved external symbol "__declspec(dllimport) public: __cdecl sf::String::String(unsigned int)" (__imp_??0String@sf@@QEAA@I@Z) referenced in function "class std::vector<class sf::String,class std::allocator<class sf::String> > __cdecl sfe::explode(class sf::String const &,unsigned int)" (?explode@sfe@@YA?AV?$vector@VString@sf@@V?$allocator@VString@sf@@@std@@@std@@AEBVString@sf@@I@Z)
RichText.obj : error LNK2019: unresolved external symbol "__declspec(dllimport) public: __cdecl sf::String::String(class sf::String const &)" (__imp_??0String@sf@@QEAA@AEBV01@@Z) referenced in function "public: static void __cdecl std::_Default_allocator_traits<class std::allocator<class sf::String> >::construct<class sf::String,class sf::String &>(class std::allocator<class sf::String> &,class sf::String * const,class sf::String &)" (??$construct@VString@sf@@AEAV12@@?$_Default_allocator_traits@V?$allocator@VString@sf@@@std@@@std@@SAXAEAV?$allocator@VString@sf@@@1@QEAVString@sf@@AEAV34@@Z)
RichText.obj : error LNK2019: unresolved external symbol "__declspec(dllimport) public: class sf::String & __cdecl sf::String::operator+=(class sf::String const &)" (__imp_??YString@sf@@QEAAAEAV01@AEBV01@@Z) referenced in function "class std::vector<class sf::String,class std::allocator<class sf::String> > __cdecl sfe::explode(class sf::String const &,unsigned int)" (?explode@sfe@@YA?AV?$vector@VString@sf@@V?$allocator@VString@sf@@@std@@@std@@AEBVString@sf@@I@Z)
RichText.obj : error LNK2019: unresolved external symbol "__declspec(dllimport) public: unsigned int __cdecl sf::String::operator[](unsigned __int64)const " (__imp_??AString@sf@@QEBAI_K@Z) referenced in function "class std::vector<class sf::String,class std::allocator<class sf::String> > __cdecl sfe::explode(class sf::String const &,unsigned int)" (?explode@sfe@@YA?AV?$vector@VString@sf@@V?$allocator@VString@sf@@@std@@@std@@AEBVString@sf@@I@Z)
RichText.obj : error LNK2019: unresolved external symbol "__declspec(dllimport) public: unsigned int & __cdecl sf::String::operator[](unsigned __int64)" (__imp_??AString@sf@@QEAAAEAI_K@Z) referenced in function "public: void __cdecl sfe::RichText::Line::setCharacter(unsigned __int64,unsigned int)" (?setCharacter@Line@RichText@sfe@@QEAAX_KI@Z)
RichText.obj : error LNK2019: unresolved external symbol "__declspec(dllimport) public: void __cdecl sf::String::clear(void)" (__imp_?clear@String@sf@@QEAAXXZ) referenced in function "class std::vector<class sf::String,class std::allocator<class sf::String> > __cdecl sfe::explode(class sf::String const &,unsigned int)" (?explode@sfe@@YA?AV?$vector@VString@sf@@V?$allocator@VString@sf@@@std@@@std@@AEBVString@sf@@I@Z)
RichText.obj : error LNK2019: unresolved external symbol "__declspec(dllimport) public: unsigned __int64 __cdecl sf::String::getSize(void)const " (__imp_?getSize@String@sf@@QEBA_KXZ) referenced in function "private: unsigned __int64 __cdecl sfe::RichText::Line::convertLinePosToLocal(unsigned __int64 &)const " (?convertLinePosToLocal@Line@RichText@sfe@@AEBA_KAEA_K@Z)
RichText.obj : error LNK2019: unresolved external symbol "__declspec(dllimport) public: bool __cdecl sf::String::isEmpty(void)const " (__imp_?isEmpty@String@sf@@QEBA_NXZ) referenced in function "public: class sfe::RichText & __cdecl sfe::RichText::operator<<(class sf::String const &)" (??6RichText@sfe@@QEAAAEAV01@AEBVString@sf@@@Z)
RichText.obj : error LNK2019: unresolved external symbol "__declspec(dllimport) public: class sf::String __cdecl sf::String::substring(unsigned __int64,unsigned __int64)const " (__imp_?substring@String@sf@@QEBA?AV12@_K0@Z) referenced in function "private: void __cdecl sfe::RichText::Line::isolateCharacter(unsigned __int64)" (?isolateCharacter@Line@RichText@sfe@@AEAAX_K@Z)
RichText.obj : error LNK2019: unresolved external symbol "__declspec(dllimport) public: class std::_String_const_iterator<class std::_String_val<struct std::_Simple_types<unsigned int> > > __cdecl sf::String::begin(void)const " (__imp_?begin@String@sf@@QEBA?AV?$_String_const_iterator@V?$_String_val@U?$_Simple_types@I@std@@@std@@@std@@XZ) referenced in function "class std::vector<class sf::String,class std::allocator<class sf::String> > __cdecl sfe::explode(class sf::String const &,unsigned int)" (?explode@sfe@@YA?AV?$vector@VString@sf@@V?$allocator@VString@sf@@@std@@@std@@AEBVString@sf@@I@Z)
RichText.obj : error LNK2019: unresolved external symbol "__declspec(dllimport) public: class std::_String_const_iterator<class std::_String_val<struct std::_Simple_types<unsigned int> > > __cdecl sf::String::end(void)const " (__imp_?end@String@sf@@QEBA?AV?$_String_const_iterator@V?$_String_val@U?$_Simple_types@I@std@@@std@@@std@@XZ) referenced in function "class std::vector<class sf::String,class std::allocator<class sf::String> > __cdecl sfe::explode(class sf::String const &,unsigned int)" (?explode@sfe@@YA?AV?$vector@VString@sf@@V?$allocator@VString@sf@@@std@@@std@@AEBVString@sf@@I@Z)
RichText.obj : error LNK2019: unresolved external symbol "__declspec(dllimport) public: float __cdecl sf::Font::getLineSpacing(unsigned int)const " (__imp_?getLineSpacing@Font@sf@@QEBAMI@Z) referenced in function "private: void __cdecl sfe::RichText::Line::updateTextAndGeometry(class sf::Text &)const " (?updateTextAndGeometry@Line@RichText@sfe@@AEBAXAEAVText@sf@@@Z)
RichText.obj : error LNK2019: unresolved external symbol "__declspec(dllimport) public: void __cdecl sf::Text::setStyle(unsigned int)" (__imp_?setStyle@Text@sf@@QEAAXI@Z) referenced in function "private: class sf::Text __cdecl sfe::RichText::createText(class sf::String const &)const " (?createText@RichText@sfe@@AEBA?AVText@sf@@AEBVString@4@@Z)
RichText.obj : error LNK2019: unresolved external symbol "__declspec(dllimport) public: void __cdecl sf::Text::setFillColor(class sf::Color const &)" (__imp_?setFillColor@Text@sf@@QEAAXAEBVColor@2@@Z) referenced in function "private: class sf::Text __cdecl sfe::RichText::createText(class sf::String const &)const " (?createText@RichText@sfe@@AEBA?AVText@sf@@AEBVString@4@@Z)
RichText.obj : error LNK2019: unresolved external symbol "__declspec(dllimport) public: void __cdecl sf::Text::setOutlineColor(class sf::Color const &)" (__imp_?setOutlineColor@Text@sf@@QEAAXAEBVColor@2@@Z) referenced in function "private: class sf::Text __cdecl sfe::RichText::createText(class sf::String const &)const " (?createText@RichText@sfe@@AEBA?AVText@sf@@AEBVString@4@@Z)
RichText.obj : error LNK2019: unresolved external symbol "__declspec(dllimport) public: void __cdecl sf::Text::setOutlineThickness(float)" (__imp_?setOutlineThickness@Text@sf@@QEAAXM@Z) referenced in function "private: class sf::Text __cdecl sfe::RichText::createText(class sf::String const &)const " (?createText@RichText@sfe@@AEBA?AVText@sf@@AEBVString@4@@Z)
RichText.obj : error LNK2019: unresolved external symbol "__declspec(dllimport) public: class sf::String const & __cdecl sf::Text::getString(void)const " (__imp_?getString@Text@sf@@QEBAAEBVString@2@XZ) referenced in function "private: unsigned __int64 __cdecl sfe::RichText::Line::convertLinePosToLocal(unsigned __int64 &)const " (?convertLinePosToLocal@Line@RichText@sfe@@AEBA_KAEA_K@Z)
RichText.obj : error LNK2019: unresolved external symbol "__declspec(dllimport) public: class sf::Font const * __cdecl sf::Text::getFont(void)const " (__imp_?getFont@Text@sf@@QEBAPEBVFont@2@XZ) referenced in function "private: void __cdecl sfe::RichText::Line::updateTextAndGeometry(class sf::Text &)const " (?updateTextAndGeometry@Line@RichText@sfe@@AEBAXAEAVText@sf@@@Z)
RichText.obj : error LNK2019: unresolved external symbol "__declspec(dllimport) public: unsigned int __cdecl sf::Text::getCharacterSize(void)const " (__imp_?getCharacterSize@Text@sf@@QEBAIXZ) referenced in function "private: void __cdecl sfe::RichText::Line::updateTextAndGeometry(class sf::Text &)const " (?updateTextAndGeometry@Line@RichText@sfe@@AEBAXAEAVText@sf@@@Z)
RichText.obj : error LNK2019: unresolved external symbol "__declspec(dllimport) public: unsigned int __cdecl sf::Text::getStyle(void)const " (__imp_?getStyle@Text@sf@@QEBAIXZ) referenced in function "public: unsigned int __cdecl sfe::RichText::Line::getCharacterStyle(unsigned __int64)const " (?getCharacterStyle@Line@RichText@sfe@@QEBAI_K@Z)
RichText.obj : error LNK2019: unresolved external symbol "__declspec(dllimport) public: class sf::Color const & __cdecl sf::Text::getFillColor(void)const " (__imp_?getFillColor@Text@sf@@QEBAAEBVColor@2@XZ) referenced in function "public: class sf::Color __cdecl sfe::RichText::Line::getCharacterColor(unsigned __int64)const " (?getCharacterColor@Line@RichText@sfe@@QEBA?AVColor@sf@@_K@Z)
RichText.obj : error LNK2019: unresolved external symbol "__declspec(dllimport) public: class sf::Rect<float> __cdecl sf::Text::getGlobalBounds(void)const " (__imp_?getGlobalBounds@Text@sf@@QEBA?AV?$Rect@M@2@XZ) referenced in function "private: void __cdecl sfe::RichText::Line::updateTextAndGeometry(class sf::Text &)const " (?updateTextAndGeometry@Line@RichText@sfe@@AEBAXAEAVText@sf@@@Z)
RichText.obj : error LNK2019: unresolved external symbol "__declspec(dllimport) public: __cdecl sf::Text::Text(class sf::Text const &)" (__imp_??0Text@sf@@QEAA@AEBV01@@Z) referenced in function "public: static void __cdecl std::_Default_allocator_traits<class std::allocator<class sf::Text> >::construct<class sf::Text,class sf::Text &>(class std::allocator<class sf::Text> &,class sf::Text * const,class sf::Text &)" (??$construct@VText@sf@@AEAV12@@?$_Default_allocator_traits@V?$allocator@VText@sf@@@std@@@std@@SAXAEAV?$allocator@VText@sf@@@1@QEAVText@sf@@AEAV34@@Z)
RichText.obj : error LNK2019: unresolved external symbol "__declspec(dllimport) public: __cdecl sf::Text::Text(class sf::Text &&)" (__imp_??0Text@sf@@QEAA@$$QEAV01@@Z) referenced in function "public: static void __cdecl std::_Default_allocator_traits<class std::allocator<class sf::Text> >::construct<class sf::Text,class sf::Text>(class std::allocator<class sf::Text> &,class sf::Text * const,class sf::Text &&)" (??$construct@VText@sf@@V12@@?$_Default_allocator_traits@V?$allocator@VText@sf@@@std@@@std@@SAXAEAV?$allocator@VText@sf@@@1@QEAVText@sf@@$$QEAV34@@Z)
RichText.obj : error LNK2019: unresolved external symbol "__declspec(dllimport) public: class sf::Text & __cdecl sf::Text::operator=(class sf::Text &&)" (__imp_??4Text@sf@@QEAAAEAV01@$$QEAV01@@Z) referenced in function "class sf::Text * __cdecl std::_Move_backward_unchecked<class sf::Text *,class sf::Text *>(class sf::Text *,class sf::Text *,class sf::Text *)" (??$_Move_backward_unchecked@PEAVText@sf@@PEAV12@@std@@YAPEAVText@sf@@PEAV12@00@Z)
RichText.obj : error LNK2001: unresolved external symbol "private: virtual void __cdecl sf::Text::draw(class sf::RenderTarget &,class sf::RenderStates)const " (?draw@Text@sf@@EEBAXAEAVRenderTarget@2@VRenderStates@2@@Z)
RichText.obj : error LNK2019: unresolved external symbol "__declspec(dllimport) public: static class sf::Color const sf::Color::Transparent" (__imp_?Transparent@Color@sf@@2V12@B) referenced in function "private: __cdecl sfe::RichText::RichText(class sf::Font const *)" (??0RichText@sfe@@AEAA@PEBVFont@sf@@@Z)
RichText.obj : error LNK2019: unresolved external symbol "__declspec(dllimport) public: static unsigned __int64 const sf::String::InvalidPos" (__imp_?InvalidPos@String@sf@@2_KB) referenced in function "private: void __cdecl sfe::RichText::Line::isolateCharacter(unsigned __int64)" (?isolateCharacter@Line@RichText@sfe@@AEAAX_K@Z)
SoundController.obj : error LNK2019: unresolved external symbol "__declspec(dllimport) public: __cdecl sf::Sound::Sound(class sf::SoundBuffer const &)" (__imp_??0Sound@sf@@QEAA@AEBVSoundBuffer@1@@Z) referenced in function "public: void __cdecl SoundController::play(class std::basic_string<char,struct std::char_traits<char>,class std::allocator<char> >)" (?play@SoundController@@QEAAXV?$basic_string@DU?$char_traits@D@std@@V?$allocator@D@2@@std@@@Z)
SoundController.obj : error LNK2019: unresolved external symbol "__declspec(dllimport) public: __cdecl sf::Sound::Sound(class sf::Sound const &)" (__imp_??0Sound@sf@@QEAA@AEBV01@@Z) referenced in function "public: static void __cdecl std::_Default_allocator_traits<class std::allocator<class sf::Sound> >::construct<class sf::Sound,class sf::Sound>(class std::allocator<class sf::Sound> &,class sf::Sound * const,class sf::Sound &&)" (??$construct@VSound@sf@@V12@@?$_Default_allocator_traits@V?$allocator@VSound@sf@@@std@@@std@@SAXAEAV?$allocator@VSound@sf@@@1@QEAVSound@sf@@$$QEAV34@@Z)
SoundController.obj : error LNK2019: unresolved external symbol "__declspec(dllimport) public: virtual __cdecl sf::Sound::~Sound(void)" (__imp_??1Sound@sf@@UEAA@XZ) referenced in function "public: virtual void * __cdecl sf::Sound::`scalar deleting destructor'(unsigned int)" (??_GSound@sf@@UEAAPEAXI@Z)
SoundController.obj : error LNK2019: unresolved external symbol "__declspec(dllimport) public: __cdecl sf::SoundBuffer::SoundBuffer(void)" (__imp_??0SoundBuffer@sf@@QEAA@XZ) referenced in function "public: __cdecl std::pair<class std::basic_string<char,struct std::char_traits<char>,class std::allocator<char> > const ,class sf::SoundBuffer>::pair<class std::basic_string<char,struct std::char_traits<char>,class std::allocator<char> > const ,class sf::SoundBuffer><class std::tuple<class std::basic_string<char,struct std::char_traits<char>,class std::allocator<char> > const &>,class std::tuple<>,0>(class std::tuple<class std::basic_string<char,struct std::char_traits<char>,class std::allocator<char> > const &> &,class std::tuple<> &,struct std::integer_sequence<unsigned __int64,0>,struct std::integer_sequence<unsigned __int64>)" (??$?0V?$tuple@AEBV?$basic_string@DU?$char_traits@D@std@@V?$allocator@D@2@@std@@@std@@V?$tuple@$$V@1@$0A@$$Z$S@?$pair@$$CBV?$basic_string@DU?$char_traits@D@std@@V?$allocator@D@2@@std@@VSoundBuffer@sf@@@std@@QEAA@AEAV?$tuple@AEBV?$basic_string@DU?$char_traits@D@std@@V?$allocator@D@2@@std@@@1@AEAV?$tuple@$$V@1@U?$integer_sequence@_K$0A@@1@U?$integer_sequence@_K$S@1@@Z)
SoundController.obj : error LNK2019: unresolved external symbol "__declspec(dllimport) public: bool __cdecl sf::SoundBuffer::loadFromFile(class std::basic_string<char,struct std::char_traits<char>,class std::allocator<char> > const &)" (__imp_?loadFromFile@SoundBuffer@sf@@QEAA_NAEBV?$basic_string@DU?$char_traits@D@std@@V?$allocator@D@2@@std@@@Z) referenced in function "public: void __cdecl SoundController::addSound(class std::basic_string<char,struct std::char_traits<char>,class std::allocator<char> >,class std::basic_string<char,struct std::char_traits<char>,class std::allocator<char> >)" (?addSound@SoundController@@QEAAXV?$basic_string@DU?$char_traits@D@std@@V?$allocator@D@2@@std@@0@Z)
SoundController.obj : error LNK2001: unresolved external symbol "public: virtual enum sf::SoundSource::Status __cdecl sf::Sound::getStatus(void)const " (?getStatus@Sound@sf@@UEBA?AW4Status@SoundSource@2@XZ)
SoundController.obj : error LNK2001: unresolved external symbol "public: virtual void __cdecl sf::Sound::pause(void)" (?pause@Sound@sf@@UEAAXXZ)
SoundController.obj : error LNK2001: unresolved external symbol "public: virtual void __cdecl sf::Sound::play(void)" (?play@Sound@sf@@UEAAXXZ)
SoundController.obj : error LNK2001: unresolved external symbol "public: virtual void __cdecl sf::Sound::stop(void)" (?stop@Sound@sf@@UEAAXXZ)
Typing.obj : error LNK2019: unresolved external symbol "__declspec(dllimport) public: static class sf::Color const sf::Color::Red" (__imp_?Red@Color@sf@@2V12@B) referenced in function "public: void __cdecl Typing::onKeyPressed(class sf::Event &)" (?onKeyPressed@Typing@@QEAAXAEAVEvent@sf@@@Z)
Typing.obj : error LNK2019: unresolved external symbol "__declspec(dllimport) public: static class sf::Color const sf::Color::Green" (__imp_?Green@Color@sf@@2V12@B) referenced in function "public: void __cdecl Typing::onKeyPressed(class sf::Event &)" (?onKeyPressed@Typing@@QEAAXAEAVEvent@sf@@@Z)
C:\Users\ACER\source\repos\Dragon-Typing-2\SFML\lib\sfml-graphics-d.lib : warning LNK4272: library machine type 'x86' conflicts with target machine type 'x64'
C:\Users\ACER\source\repos\Dragon-Typing-2\SFML\lib\sfml-system-d.lib : warning LNK4272: library machine type 'x86' conflicts with target machine type 'x64'
C:\Users\ACER\source\repos\Dragon-Typing-2\SFML\lib\sfml-window-d.lib : warning LNK4272: library machine type 'x86' conflicts with target machine type 'x64'
C:\Users\ACER\source\repos\Dragon-Typing-2\SFML\lib\sfml-audio-d.lib : warning LNK4272: library machine type 'x86' conflicts with target machine type 'x64'
C:\Users\ACER\source\repos\Dragon-Typing-2\SFML\lib\sfml-network-d.lib : warning LNK4272: library machine type 'x86' conflicts with target machine type 'x64'
C:\Users\ACER\source\repos\Dragon-Typing-2\x64\Debug\Dragon-Typing-2.exe : fatal error LNK1120: 100 unresolved externals
